<?xml version="1.0" encoding="UTF-8"?>
<testng-results ignored="0" total="1" passed="1" failed="0" skipped="0">
  <reporter-output>
  </reporter-output>
  <suite started-at="2021-10-12T14:56:15 IST" name="Default suite" finished-at="2021-10-12T14:56:55 IST" duration-ms="39619">
    <groups>
    </groups>
    <test started-at="2021-10-12T14:56:15 IST" name="Default test" finished-at="2021-10-12T14:56:55 IST" duration-ms="39619">
      <class name="com.artoftesting.test.DemoLoginTest">
        <test-method is-config="true" signature="suiteSetup()[pri:0, instance:com.artoftesting.test.DemoLoginTest@6c5945a7]" started-at="2021-10-12T14:56:13 IST" name="suiteSetup" finished-at="2021-10-12T14:56:15 IST" duration-ms="2505" status="PASS">
          <reporter-output>
          </reporter-output>
        </test-method> <!-- suiteSetup -->
        <test-method is-config="true" signature="loadBaseUrl(java.lang.reflect.Method)[pri:0, instance:com.artoftesting.test.DemoLoginTest@6c5945a7]" started-at="2021-10-12T14:56:15 IST" name="loadBaseUrl" finished-at="2021-10-12T14:56:18 IST" duration-ms="3324" status="PASS">
          <params>
            <param index="0">
              <value>
                <![CDATA[public void com.artoftesting.test.DemoLoginTest.loginTest() throws java.lang.Exception]]>
              </value>
            </param>
          </params>
          <reporter-output>
          </reporter-output>
        </test-method> <!-- loadBaseUrl -->
        <test-method signature="loginTest()[pri:1, instance:com.artoftesting.test.DemoLoginTest@6c5945a7]" started-at="2021-10-12T14:56:18 IST" name="loginTest" finished-at="2021-10-12T14:56:55 IST" duration-ms="36252" status="PASS">
          <reporter-output>
          </reporter-output>
        </test-method> <!-- loginTest -->
      </class> <!-- com.artoftesting.test.DemoLoginTest -->
    </test> <!-- Default test -->
  </suite> <!-- Default suite -->
</testng-results>
